<?xml version="1.0"?>
<coverage generated="1566481735">
  <project timestamp="1566481735">
    <metrics packages="0" files="17" loc="508" ncloc="504" classes="9" methods="34" coveredmethods="33" statements="169" coveredstatements="164" elements="203" coveredelements="197" conditionals="0" coveredconditionals="0"/>
    <file name="/Applications/mappstack-7.3.7-0/apache2/htdocs/NaturalLanguage/Core/Keyword.php">
      <metrics loc="9" ncloc="9" classes="0" methods="0" coveredmethods="0" statements="0" coveredstatements="0" elements="0" coveredelements="0" conditionals="0" coveredconditionals="0"/>
      <line num="6" type="stmt" count="1"/>
      <line num="10" type="stmt" count="1"/>
    </file>
    <file name="/Applications/mappstack-7.3.7-0/apache2/htdocs/NaturalLanguage/Core/HttpSamples.php">
      <metrics loc="62" ncloc="62" classes="1" methods="4" coveredmethods="4" statements="28" coveredstatements="28" elements="32" coveredelements="32" conditionals="0" coveredconditionals="0"/>
      <class namespace="Dasuos\NaturalLanguage" name="HttpSamples">
        <metrics methods="4" coveredmethods="4" statements="28" coveredstatements="28" conditionals="0" coveredconditionals="0" elements="32" coveredelements="32"/>
      </class>
      <line num="15" type="stmt" count="1"/>
      <line num="16" type="stmt" count="1"/>
      <line num="17" type="stmt" count="1"/>
      <line num="18" type="stmt" count="1"/>
      <line num="19" type="stmt" count="1"/>
      <line num="20" type="stmt" count="1"/>
      <line num="21" type="stmt" count="1"/>
      <line num="22" type="stmt" count="1"/>
      <line num="33" type="stmt" count="1"/>
      <line num="34" type="stmt" count="1"/>
      <line num="35" type="stmt" count="1"/>
      <line num="36" type="stmt" count="1"/>
      <line num="37" type="stmt" count="1"/>
      <line num="39" type="stmt" count="1"/>
      <line num="40" type="stmt" count="1"/>
      <line num="41" type="stmt" count="1"/>
      <line num="42" type="stmt" count="1"/>
      <line num="44" type="stmt" count="1"/>
      <line num="51" type="stmt" count="1"/>
      <line num="52" type="stmt" count="1"/>
      <line num="53" type="stmt" count="1"/>
      <line num="54" type="stmt" count="1"/>
      <line num="55" type="stmt" count="1"/>
      <line num="56" type="stmt" count="1"/>
      <line num="57" type="stmt" count="1"/>
      <line num="58" type="stmt" count="1"/>
      <line num="6" type="stmt" count="1"/>
      <line num="11" type="stmt" count="1"/>
      <line num="12" type="stmt" count="1"/>
      <line num="63" type="stmt" count="1"/>
    </file>
    <file name="/Applications/mappstack-7.3.7-0/apache2/htdocs/NaturalLanguage/Core/HttpEntities.php">
      <metrics loc="42" ncloc="42" classes="1" methods="4" coveredmethods="4" statements="19" coveredstatements="19" elements="23" coveredelements="23" conditionals="0" coveredconditionals="0"/>
      <class namespace="Dasuos\NaturalLanguage" name="HttpEntities">
        <metrics methods="4" coveredmethods="4" statements="19" coveredstatements="19" conditionals="0" coveredconditionals="0" elements="23" coveredelements="23"/>
      </class>
      <line num="15" type="stmt" count="1"/>
      <line num="16" type="stmt" count="1"/>
      <line num="17" type="stmt" count="1"/>
      <line num="18" type="stmt" count="1"/>
      <line num="22" type="stmt" count="1"/>
      <line num="23" type="stmt" count="1"/>
      <line num="24" type="stmt" count="1"/>
      <line num="25" type="stmt" count="1"/>
      <line num="27" type="stmt" count="1"/>
      <line num="28" type="stmt" count="1"/>
      <line num="29" type="stmt" count="1"/>
      <line num="32" type="stmt" count="1"/>
      <line num="33" type="stmt" count="1"/>
      <line num="34" type="stmt" count="1"/>
      <line num="35" type="stmt" count="1"/>
      <line num="36" type="stmt" count="1"/>
      <line num="37" type="stmt" count="1"/>
      <line num="6" type="stmt" count="1"/>
      <line num="11" type="stmt" count="1"/>
      <line num="12" type="stmt" count="1"/>
      <line num="43" type="stmt" count="1"/>
    </file>
    <file name="/Applications/mappstack-7.3.7-0/apache2/htdocs/NaturalLanguage/Core/HttpMessage.php">
      <metrics loc="24" ncloc="24" classes="1" methods="2" coveredmethods="2" statements="8" coveredstatements="8" elements="10" coveredelements="10" conditionals="0" coveredconditionals="0"/>
      <class namespace="Dasuos\NaturalLanguage" name="HttpMessage">
        <metrics methods="2" coveredmethods="2" statements="8" coveredstatements="8" conditionals="0" coveredconditionals="0" elements="10" coveredelements="10"/>
      </class>
      <line num="6" type="stmt" count="1"/>
      <line num="11" type="stmt" count="1"/>
      <line num="12" type="stmt" count="1"/>
      <line num="15" type="stmt" count="1"/>
      <line num="16" type="stmt" count="1"/>
      <line num="17" type="stmt" count="1"/>
      <line num="18" type="stmt" count="1"/>
      <line num="19" type="stmt" count="1"/>
      <line num="21" type="stmt" count="1"/>
      <line num="25" type="stmt" count="1"/>
    </file>
    <file name="/Applications/mappstack-7.3.7-0/apache2/htdocs/NaturalLanguage/Core/Entities.php">
      <metrics loc="11" ncloc="11" classes="0" methods="0" coveredmethods="0" statements="0" coveredstatements="0" elements="0" coveredelements="0" conditionals="0" coveredconditionals="0"/>
      <line num="6" type="stmt" count="1"/>
      <line num="12" type="stmt" count="1"/>
    </file>
    <file name="/Applications/mappstack-7.3.7-0/apache2/htdocs/NaturalLanguage/Core/PositioningSample.php">
      <metrics loc="56" ncloc="56" classes="1" methods="6" coveredmethods="6" statements="25" coveredstatements="25" elements="31" coveredelements="31" conditionals="0" coveredconditionals="0"/>
      <class namespace="Dasuos\NaturalLanguage" name="PositioningSample">
        <metrics methods="6" coveredmethods="6" statements="25" coveredstatements="25" conditionals="0" coveredconditionals="0" elements="31" coveredelements="31"/>
      </class>
      <line num="35" type="stmt" count="1"/>
      <line num="36" type="stmt" count="1"/>
      <line num="37" type="stmt" count="1"/>
      <line num="38" type="stmt" count="1"/>
      <line num="39" type="stmt" count="1"/>
      <line num="52" type="stmt" count="1"/>
      <line num="53" type="stmt" count="1"/>
      <line num="6" type="stmt" count="1"/>
      <line num="12" type="stmt" count="1"/>
      <line num="13" type="stmt" count="1"/>
      <line num="14" type="stmt" count="1"/>
      <line num="18" type="stmt" count="1"/>
      <line num="19" type="stmt" count="1"/>
      <line num="24" type="stmt" count="1"/>
      <line num="25" type="stmt" count="1"/>
      <line num="26" type="stmt" count="1"/>
      <line num="27" type="stmt" count="1"/>
      <line num="28" type="stmt" count="1"/>
      <line num="29" type="stmt" count="1"/>
      <line num="34" type="stmt" count="1"/>
      <line num="40" type="stmt" count="1"/>
      <line num="44" type="stmt" count="1"/>
      <line num="45" type="stmt" count="1"/>
      <line num="49" type="stmt" count="1"/>
      <line num="50" type="stmt" count="1"/>
      <line num="54" type="stmt" count="1"/>
      <line num="57" type="stmt" count="1"/>
    </file>
    <file name="/Applications/mappstack-7.3.7-0/apache2/htdocs/NaturalLanguage/Core/HttpEntity.php">
      <metrics loc="63" ncloc="63" classes="1" methods="5" coveredmethods="5" statements="27" coveredstatements="27" elements="32" coveredelements="32" conditionals="0" coveredconditionals="0"/>
      <class namespace="Dasuos\NaturalLanguage" name="HttpEntity">
        <metrics methods="5" coveredmethods="5" statements="27" coveredstatements="27" conditionals="0" coveredconditionals="0" elements="32" coveredelements="32"/>
      </class>
      <line num="19" type="stmt" count="1"/>
      <line num="20" type="stmt" count="1"/>
      <line num="21" type="stmt" count="1"/>
      <line num="59" type="stmt" count="1"/>
      <line num="60" type="stmt" count="1"/>
      <line num="30" type="stmt" count="1"/>
      <line num="31" type="stmt" count="1"/>
      <line num="32" type="stmt" count="1"/>
      <line num="34" type="stmt" count="1"/>
      <line num="35" type="stmt" count="1"/>
      <line num="36" type="stmt" count="1"/>
      <line num="37" type="stmt" count="1"/>
      <line num="38" type="stmt" count="1"/>
      <line num="39" type="stmt" count="1"/>
      <line num="41" type="stmt" count="1"/>
      <line num="46" type="stmt" count="1"/>
      <line num="47" type="stmt" count="1"/>
      <line num="48" type="stmt" count="1"/>
      <line num="49" type="stmt" count="1"/>
      <line num="50" type="stmt" count="1"/>
      <line num="51" type="stmt" count="1"/>
      <line num="53" type="stmt" count="1"/>
      <line num="57" type="stmt" count="1"/>
      <line num="58" type="stmt" count="1"/>
      <line num="6" type="stmt" count="1"/>
      <line num="14" type="stmt" count="1"/>
      <line num="15" type="stmt" count="1"/>
      <line num="16" type="stmt" count="1"/>
      <line num="64" type="stmt" count="1"/>
    </file>
    <file name="/Applications/mappstack-7.3.7-0/apache2/htdocs/NaturalLanguage/Core/ExpressedKeyword.php">
      <metrics loc="32" ncloc="32" classes="1" methods="2" coveredmethods="2" statements="9" coveredstatements="9" elements="11" coveredelements="11" conditionals="0" coveredconditionals="0"/>
      <class namespace="Dasuos\NaturalLanguage" name="ExpressedKeyword">
        <metrics methods="2" coveredmethods="2" statements="9" coveredstatements="9" conditionals="0" coveredconditionals="0" elements="11" coveredelements="11"/>
      </class>
      <line num="24" type="stmt" count="1"/>
      <line num="25" type="stmt" count="1"/>
      <line num="26" type="stmt" count="1"/>
      <line num="27" type="stmt" count="1"/>
      <line num="30" type="stmt" count="1"/>
      <line num="6" type="stmt" count="1"/>
      <line num="17" type="stmt" count="1"/>
      <line num="18" type="stmt" count="1"/>
      <line num="19" type="stmt" count="1"/>
      <line num="20" type="stmt" count="1"/>
      <line num="33" type="stmt" count="1"/>
    </file>
    <file name="/Applications/mappstack-7.3.7-0/apache2/htdocs/NaturalLanguage/Core/HttpWit.php">
      <metrics loc="83" ncloc="79" classes="1" methods="6" coveredmethods="5" statements="36" coveredstatements="31" elements="42" coveredelements="36" conditionals="0" coveredconditionals="0"/>
      <class namespace="Dasuos\NaturalLanguage" name="HttpWit">
        <metrics methods="6" coveredmethods="5" statements="36" coveredstatements="31" conditionals="0" coveredconditionals="0" elements="42" coveredelements="36"/>
      </class>
      <line num="65" type="stmt" count="0"/>
      <line num="66" type="stmt" count="0"/>
      <line num="67" type="stmt" count="0"/>
      <line num="68" type="stmt" count="0"/>
      <line num="69" type="stmt" count="0"/>
      <line num="81" type="stmt" count="1"/>
      <line num="78" type="stmt" count="1"/>
      <line num="79" type="stmt" count="1"/>
      <line num="6" type="stmt" count="1"/>
      <line num="14" type="stmt" count="1"/>
      <line num="15" type="stmt" count="1"/>
      <line num="22" type="stmt" count="1"/>
      <line num="24" type="stmt" count="1"/>
      <line num="25" type="stmt" count="1"/>
      <line num="27" type="stmt" count="1"/>
      <line num="28" type="stmt" count="1"/>
      <line num="29" type="stmt" count="1"/>
      <line num="30" type="stmt" count="1"/>
      <line num="31" type="stmt" count="1"/>
      <line num="32" type="stmt" count="1"/>
      <line num="33" type="stmt" count="1"/>
      <line num="34" type="stmt" count="1"/>
      <line num="35" type="stmt" count="1"/>
      <line num="36" type="stmt" count="1"/>
      <line num="38" type="stmt" count="1"/>
      <line num="40" type="stmt" count="1"/>
      <line num="42" type="stmt" count="1"/>
      <line num="47" type="stmt" count="1"/>
      <line num="48" type="stmt" count="1"/>
      <line num="49" type="stmt" count="1"/>
      <line num="50" type="stmt" count="1"/>
      <line num="55" type="stmt" count="1"/>
      <line num="63" type="stmt" count="1"/>
      <line num="64" type="stmt" count="1"/>
      <line num="72" type="stmt" count="1"/>
      <line num="76" type="stmt" count="1"/>
      <line num="77" type="stmt" count="1"/>
      <line num="84" type="stmt" count="1"/>
    </file>
    <file name="/Applications/mappstack-7.3.7-0/apache2/htdocs/NaturalLanguage/Core/Wit.php">
      <metrics loc="13" ncloc="13" classes="0" methods="0" coveredmethods="0" statements="0" coveredstatements="0" elements="0" coveredelements="0" conditionals="0" coveredconditionals="0"/>
      <line num="6" type="stmt" count="1"/>
      <line num="14" type="stmt" count="1"/>
    </file>
    <file name="/Applications/mappstack-7.3.7-0/apache2/htdocs/NaturalLanguage/Core/FakeWit.php">
      <metrics loc="25" ncloc="25" classes="1" methods="2" coveredmethods="2" statements="6" coveredstatements="6" elements="8" coveredelements="8" conditionals="0" coveredconditionals="0"/>
      <class namespace="Dasuos\NaturalLanguage" name="FakeWit">
        <metrics methods="2" coveredmethods="2" statements="6" coveredstatements="6" conditionals="0" coveredconditionals="0" elements="8" coveredelements="8"/>
      </class>
      <line num="20" type="stmt" count="1"/>
      <line num="21" type="stmt" count="1"/>
      <line num="19" type="stmt" count="1"/>
      <line num="22" type="stmt" count="1"/>
      <line num="6" type="stmt" count="1"/>
      <line num="11" type="stmt" count="1"/>
      <line num="12" type="stmt" count="1"/>
      <line num="26" type="stmt" count="1"/>
    </file>
    <file name="/Applications/mappstack-7.3.7-0/apache2/htdocs/NaturalLanguage/Core/Sample.php">
      <metrics loc="9" ncloc="9" classes="0" methods="0" coveredmethods="0" statements="0" coveredstatements="0" elements="0" coveredelements="0" conditionals="0" coveredconditionals="0"/>
      <line num="6" type="stmt" count="1"/>
      <line num="10" type="stmt" count="1"/>
    </file>
    <file name="/Applications/mappstack-7.3.7-0/apache2/htdocs/NaturalLanguage/Core/Samples.php">
      <metrics loc="16" ncloc="16" classes="0" methods="0" coveredmethods="0" statements="0" coveredstatements="0" elements="0" coveredelements="0" conditionals="0" coveredconditionals="0"/>
      <line num="6" type="stmt" count="1"/>
      <line num="17" type="stmt" count="1"/>
    </file>
    <file name="/Applications/mappstack-7.3.7-0/apache2/htdocs/NaturalLanguage/Core/Endpoint.php">
      <metrics loc="9" ncloc="9" classes="0" methods="0" coveredmethods="0" statements="0" coveredstatements="0" elements="0" coveredelements="0" conditionals="0" coveredconditionals="0"/>
      <line num="6" type="stmt" count="1"/>
      <line num="10" type="stmt" count="1"/>
    </file>
    <file name="/Applications/mappstack-7.3.7-0/apache2/htdocs/NaturalLanguage/Core/Entity.php">
      <metrics loc="14" ncloc="14" classes="0" methods="0" coveredmethods="0" statements="0" coveredstatements="0" elements="0" coveredelements="0" conditionals="0" coveredconditionals="0"/>
      <line num="6" type="stmt" count="1"/>
      <line num="15" type="stmt" count="1"/>
    </file>
    <file name="/Applications/mappstack-7.3.7-0/apache2/htdocs/NaturalLanguage/Core/ParsedEndpoint.php">
      <metrics loc="31" ncloc="31" classes="1" methods="3" coveredmethods="3" statements="11" coveredstatements="11" elements="14" coveredelements="14" conditionals="0" coveredconditionals="0"/>
      <class namespace="Dasuos\NaturalLanguage" name="ParsedEndpoint">
        <metrics methods="3" coveredmethods="3" statements="11" coveredstatements="11" conditionals="0" coveredconditionals="0" elements="14" coveredelements="14"/>
      </class>
      <line num="17" type="stmt" count="1"/>
      <line num="18" type="stmt" count="1"/>
      <line num="19" type="stmt" count="1"/>
      <line num="20" type="stmt" count="1"/>
      <line num="21" type="stmt" count="1"/>
      <line num="22" type="stmt" count="1"/>
      <line num="23" type="stmt" count="1"/>
      <line num="29" type="stmt" count="1"/>
      <line num="6" type="stmt" count="1"/>
      <line num="12" type="stmt" count="1"/>
      <line num="13" type="stmt" count="1"/>
      <line num="14" type="stmt" count="1"/>
      <line num="32" type="stmt" count="1"/>
    </file>
    <file name="/Applications/mappstack-7.3.7-0/apache2/htdocs/NaturalLanguage/Core/Message.php">
      <metrics loc="9" ncloc="9" classes="0" methods="0" coveredmethods="0" statements="0" coveredstatements="0" elements="0" coveredelements="0" conditionals="0" coveredconditionals="0"/>
      <line num="6" type="stmt" count="1"/>
      <line num="10" type="stmt" count="1"/>
    </file>
  </project>
</coverage>
